Operating system: Microsoft Windows NT 6.2.9200.0
Opening INI file "C:\Sonic Hacking\Next Genesis Repo\Sonic 1 Project 128 INIs\SonLVL.ini"...
Game type is S1.
Loading Wave Ocean 1...
Loading 16x16 blocks from file "../map16/WOZ.bin", using compression Enigma...
Loading 8x8 tiles from file "../artkos/8x8woz.bin", using compression Kosinski...
Loading 128x128 chunks from file "../map256/WOZ.bin", using compression Kosinski...
Loading layout from file "../levels/woz1.bin", using compression Uncompressed...
Loading layout from file "../levels/woz2.bin", using compression Uncompressed...
Loading layout from file "../levels/woz3.bin", using compression Uncompressed...
Loading layout from file "../levels/woz4.bin", using compression Uncompressed...
Loading palette file "../pallet/sonic.bin"...
Source: 0 Destination: 0 Length: 16
Loading palette file "../pallet/woz.bin"...
Source: 0 Destination: 16 Length: 48
Loading palette file "../pallet/sonic.bin"...
Source: 0 Destination: 0 Length: 16
Loading palette file "../pallet/wozwater.bin"...
Source: 0 Destination: 16 Length: 48
Loading layout from file "../levels/ending.bin", using compression Uncompressed...
Loading object definition file "obj.ini".
Loading object definition file "obj128.ini".
Loading object definition file "objWOZ.ini".
Loading ObjectDefinition type S12005ObjectDefinitions.Common.InvisibleBlock from "Common\InvisibleBlock.cs"...
Compiling code file...
Loading ObjectDefinition type S12005ObjectDefinitions.Common.PathSwapper from "Common\PathSwapper.cs"...
Loading ObjectDefinition type S12005ObjectDefinitions.WOZ.Bridge from "WOZ\Bridge.cs"...
Compiling code file...
Compiling code file...
Building code file...
Compiling code file...
Compile succeeded.
Compile succeeded.
Compile succeeded.
Loading ObjectDefinition type S12005ObjectDefinitions.GHZ.SwingingPlatform from "WOZ\SwingingPlatform.cs"...
Compiling code file...
Compile succeeded.
Compile succeeded.
Loading objects from file "../objpos/woz1.bin", using compression Uncompressed...
Loading rings from file "../rings/woz1.bin", using compression Uncompressed...
Loading start position "Level Start" from file "../startpos/woz1.bin"...
Drawing block bitmaps...
Drawing chunk bitmaps...
Load completed.
Loading Wave Ocean 1...
Loading 8x8 tiles from file "../artkos/8x8woz.bin", using compression Kosinski...
Loading 16x16 blocks from file "../map16/WOZ.bin", using compression Enigma...
Loading 128x128 chunks from file "../map256/WOZ.bin", using compression Kosinski...
Loading layout from file "../levels/woz1.bin", using compression Uncompressed...
Loading layout from file "../levels/woz2.bin", using compression Uncompressed...
Loading layout from file "../levels/woz3.bin", using compression Uncompressed...
Loading layout from file "../levels/woz4.bin", using compression Uncompressed...
Loading palette file "../pallet/sonic.bin"...
Source: 0 Destination: 0 Length: 16
Loading palette file "../pallet/woz.bin"...
Source: 0 Destination: 16 Length: 48
Loading palette file "../pallet/sonic.bin"...
Source: 0 Destination: 0 Length: 16
Loading palette file "../pallet/wozwater.bin"...
Source: 0 Destination: 16 Length: 48
Loading layout from file "../levels/ending.bin", using compression Uncompressed...
Loading object definition file "obj.ini".
Loading object definition file "obj128.ini".
Loading object definition file "objWOZ.ini".
Loading ObjectDefinition type S12005ObjectDefinitions.Common.InvisibleBlock from "Common\InvisibleBlock.cs"...
Loading type from cached assembly "dllcache\S12005ObjectDefinitions.Common.InvisibleBlock.dll"...
Loading ObjectDefinition type S12005ObjectDefinitions.Common.PathSwapper from "Common\PathSwapper.cs"...
Loading type from cached assembly "dllcache\S12005ObjectDefinitions.Common.PathSwapper.dll"...
Loading type from cached assembly "dllcache\S2ObjectDefinitions.Common.Spikes.dll"...
Loading ObjectDefinition type S12005ObjectDefinitions.WOZ.Bridge from "WOZ\Bridge.cs"...
Loading type from cached assembly "dllcache\S12005ObjectDefinitions.WOZ.Bridge.dll"...
Loading ObjectDefinition type S12005ObjectDefinitions.GHZ.SwingingPlatform from "WOZ\SwingingPlatform.cs"...
Loading type from cached assembly "dllcache\S12005ObjectDefinitions.GHZ.SwingingPlatform.dll"...
Loading rings from file "../rings/woz1.bin", using compression Uncompressed...

Loading start position "Level Start" from file "../startpos/woz1.bin"...
Drawing block bitmaps...
Drawing chunk bitmaps...
Load completed.
Loading Wave Ocean 1...
Loading 16x16 blocks from file "../map16/WOZ.bin", using compression Enigma...
Loading 8x8 tiles from file "../artkos/8x8woz.bin", using compression Kosinski...
Loading 128x128 chunks from file "../map256/WOZ.bin", using compression Kosinski...
Loading layout from file "../levels/woz1.bin", using compression Uncompressed...
Loading layout from file "../levels/woz2.bin", using compression Uncompressed...
Loading layout from file "../levels/woz3.bin", using compression Uncompressed...
Loading layout from file "../levels/woz4.bin", using compression Uncompressed...
Loading palette file "../pallet/sonic.bin"...
Source: 0 Destination: 0 Length: 16
Loading palette file "../pallet/woz.bin"...
Source: 0 Destination: 16 Length: 48
Loading palette file "../pallet/sonic.bin"...
Source: 0 Destination: 0 Length: 16
Loading palette file "../pallet/wozwater.bin"...
Source: 0 Destination: 16 Length: 48
Loading layout from file "../levels/ending.bin", using compression Uncompressed...
Loading object definition file "obj.ini".
Loading object definition file "obj128.ini".
Loading object definition file "objWOZ.ini".
Loading type from cached assembly "dllcache\S2ObjectDefinitions.Common.Spikes.dll"...
Loading ObjectDefinition type S12005ObjectDefinitions.Common.InvisibleBlock from "Common\InvisibleBlock.cs"...
Loading type from cached assembly "dllcache\S12005ObjectDefinitions.Common.InvisibleBlock.dll"...
Loading ObjectDefinition type S12005ObjectDefinitions.Common.PathSwapper from "Common\PathSwapper.cs"...
Loading type from cached assembly "dllcache\S12005ObjectDefinitions.Common.PathSwapper.dll"...
Loading ObjectDefinition type S12005ObjectDefinitions.WOZ.Bridge from "WOZ\Bridge.cs"...
Loading type from cached assembly "dllcache\S12005ObjectDefinitions.WOZ.Bridge.dll"...
Loading ObjectDefinition type S12005ObjectDefinitions.GHZ.SwingingPlatform from "WOZ\SwingingPlatform.cs"...
Loading type from cached assembly "dllcache\S12005ObjectDefinitions.GHZ.SwingingPlatform.dll"...
Loading start position "Level Start" from file "../startpos/woz1.bin"...
Loading rings from file "../rings/woz1.bin", using compression Uncompressed...
Loading objects from file "../objpos/woz1.bin", using compression Uncompressed...
Drawing block bitmaps...
Drawing chunk bitmaps...
Load completed.
Opening INI file "C:\Sonic Hacking\Next Genesis Repo\Sonic 1 Project 128 INIs\SonLVL.ini"...
Game type is S1.
Loading Wave Ocean 1...
Loading 8x8 tiles from file "../artkos/8x8woz.bin", using compression Kosinski...
Loading 16x16 blocks from file "../map16/WOZ.bin", using compression Enigma...
Loading 128x128 chunks from file "../map256/WOZ.bin", using compression Kosinski...
Loading layout from file "../levels/woz1.bin", using compression Uncompressed...
Loading layout from file "../levels/woz2.bin", using compression Uncompressed...
Loading layout from file "../levels/woz3.bin", using compression Uncompressed...
Loading layout from file "../levels/woz4.bin", using compression Uncompressed...
Loading palette file "../pallet/sonic.bin"...
Source: 0 Destination: 0 Length: 16
Loading palette file "../pallet/woz.bin"...
Source: 0 Destination: 16 Length: 48
Loading palette file "../pallet/sonic.bin"...
Source: 0 Destination: 0 Length: 16
Loading palette file "../pallet/wozwater.bin"...
Source: 0 Destination: 16 Length: 48
Loading layout from file "../levels/ending.bin", using compression Uncompressed...
Loading object definition file "obj.ini".
Loading object definition file "obj128.ini".
Loading object definition file "objWOZ.ini".
Loading ObjectDefinition type S12005ObjectDefinitions.Common.InvisibleBlock from "Common\InvisibleBlock.cs"...
Loading type from cached assembly "dllcache\S12005ObjectDefinitions.Common.InvisibleBlock.dll"...
Loading ObjectDefinition type S12005ObjectDefinitions.Common.PathSwapper from "Common\PathSwapper.cs"...
Loading type from cached assembly "dllcache\S12005ObjectDefinitions.Common.PathSwapper.dll"...
Loading type from cached assembly "dllcache\S2ObjectDefinitions.Common.Spikes.dll"...
Loading ObjectDefinition type S12005ObjectDefinitions.GHZ.SwingingPlatform from "WOZ\SwingingPlatform.cs"...
Loading type from cached assembly "dllcache\S12005ObjectDefinitions.GHZ.SwingingPlatform.dll"...
Loading ObjectDefinition type S12005ObjectDefinitions.WOZ.Bridge from "WOZ\Bridge.cs"...
Loading type from cached assembly "dllcache\S12005ObjectDefinitions.WOZ.Bridge.dll"...
Loading objects from file "../objpos/woz1.bin", using compression Uncompressed...
Loading rings from file "../rings/woz1.bin", using compression Uncompressed...
Loading start position "Level Start" from file "../startpos/woz1.bin"...
Drawing block bitmaps...
Drawing chunk bitmaps...
Load completed.
Saving Wave Ocean 1...
Saving Wave Ocean 1...
Saving Wave Ocean 1...
System.ArgumentOutOfRangeException: Index must be within the bounds of the List.
Parameter name: index
   at System.ThrowHelper.ThrowArgumentOutOfRangeException(ExceptionArgument argument, ExceptionResource resource)
   at System.Collections.Generic.List`1.Insert(Int32 index, T item)
   at SonicRetro.SonLVL.GUI.Extensions.Move[T](IList`1 list, Int32 src, Int32 dst) in E:\AutoBuild\SonLVL\SonLVL\Extensions.cs:line 92
   at SonicRetro.SonLVL.GUI.MainForm.PalettePanel_MouseUp(Object sender, MouseEventArgs e) in E:\AutoBuild\SonLVL\SonLVL\MainForm.cs:line 4250
   at System.Windows.Forms.Control.OnMouseUp(MouseEventArgs e)
   at System.Windows.Forms.Control.WmMouseUp(Message& m, MouseButtons button, Int32 clicks)
   at System.Windows.Forms.Control.WndProc(Message& m)
   at System.Windows.Forms.ScrollableControl.WndProc(Message& m)
   at System.Windows.Forms.Control.ControlNativeWindow.OnMessage(Message& m)
   at System.Windows.Forms.Control.ControlNativeWindow.WndProc(Message& m)
   at System.Windows.Forms.NativeWindow.Callback(IntPtr hWnd, Int32 msg, IntPtr wparam, IntPtr lparam)
